[1111/115819.522:ERROR:process_memory_win.cc(73)] ReadMemory at 0x12e00041e50 of 6656 bytes failed: Only part of a ReadProcessMemory or WriteProcessMemory request was completed. (0x12B)
[1111/115819.538:ERROR:process_snapshot_win.cc(322)] failed to read unloaded module data
[1111/115819.538:ERROR:process_memory_win.cc(73)] ReadMemory at 0x7ff70fc60000 of 64 bytes failed: Only part of a ReadProcessMemory or WriteProcessMemory request was completed. (0x12B)
[1111/115819.538:WARNING:pe_image_reader.cc(340)] could not read dos header from C:\Program Files (x86)\Google\Chrome\Application\chrome.exe
[1111/115819.538:ERROR:process_memory_win.cc(73)] ReadMemory at 0x7ffb63c20000 of 64 bytes failed: Only part of a ReadProcessMemory or WriteProcessMemory request was completed. (0x12B)
[1111/115819.538:WARNING:pe_image_reader.cc(340)] could not read dos header from C:\Program Files (x86)\Google\Chrome\Application\78.0.3904.97\chrome_child.dll
[1111/115819.538:ERROR:process_memory_win.cc(73)] ReadMemory at 0x12e003b0000 of 64 bytes failed: Only part of a ReadProcessMemory or WriteProcessMemory request was completed. (0x12B)
[1111/115819.538:WARNING:pe_image_reader.cc(340)] could not read dos header from C:\WINDOWS\System32\OLEAUT32.dll
[1111/115819.538:ERROR:process_memory_win.cc(73)] ReadMemory at 0x7ff70fc60000 of 64 bytes failed: Only part of a ReadProcessMemory or WriteProcessMemory request was completed. (0x12B)
[1111/115819.538:WARNING:pe_image_reader.cc(340)] could not read dos header from C:\Program Files (x86)\Google\Chrome\Application\chrome.exe
[1111/115819.538:ERROR:process_memory_win.cc(73)] ReadMemory at 0x7ff70fc60000 of 64 bytes failed: Only part of a ReadProcessMemory or WriteProcessMemory request was completed. (0x12B)
[1111/115819.538:WARNING:pe_image_reader.cc(340)] could not read dos header from C:\Program Files (x86)\Google\Chrome\Application\chrome.exe
[1111/115819.538:ERROR:process_memory_win.cc(73)] ReadMemory at 0x12e002a0810 of 72 bytes failed: Only part of a ReadProcessMemory or WriteProcessMemory request was completed. (0x12B)
[1111/115819.538:WARNING:pe_image_annotations_reader.cc(134)] could not read annotations list object in C:\Program Files (x86)\Google\Chrome\Application\78.0.3904.97\chrome_elf.dll
[1111/115819.538:ERROR:process_memory_win.cc(73)] ReadMemory at 0x7ffb63c20000 of 64 bytes failed: Only part of a ReadProcessMemory or WriteProcessMemory request was completed. (0x12B)
[1111/115819.538:WARNING:pe_image_reader.cc(340)] could not read dos header from C:\Program Files (x86)\Google\Chrome\Application\78.0.3904.97\chrome_child.dll
[1111/115819.538:ERROR:process_memory_win.cc(73)] ReadMemory at 0x7ffb63c20000 of 64 bytes failed: Only part of a ReadProcessMemory or WriteProcessMemory request was completed. (0x12B)
[1111/115819.538:WARNING:pe_image_reader.cc(340)] could not read dos header from C:\Program Files (x86)\Google\Chrome\Application\78.0.3904.97\chrome_child.dll
[1111/115819.538:ERROR:process_memory_win.cc(73)] ReadMemory at 0x12e003b0000 of 64 bytes failed: Only part of a ReadProcessMemory or WriteProcessMemory request was completed. (0x12B)
[1111/115819.538:WARNING:pe_image_reader.cc(340)] could not read dos header from C:\WINDOWS\System32\OLEAUT32.dll
[1111/115819.538:ERROR:process_memory_win.cc(73)] ReadMemory at 0x12e003b0000 of 64 bytes failed: Only part of a ReadProcessMemory or WriteProcessMemory request was completed. (0x12B)
[1111/115819.538:WARNING:pe_image_reader.cc(340)] could not read dos header from C:\WINDOWS\System32\OLEAUT32.dll
[1111/115819.538:ERROR:process_memory_win.cc(73)] ReadMemory at 0x7ffbaf610000 of 64 bytes failed: Only part of a ReadProcessMemory or WriteProcessMemory request was completed. (0x12B)
[1111/115819.538:WARNING:pe_image_reader.cc(340)] could not read dos header from C:\WINDOWS\System32\MSASN1.dll
[1111/115819.538:ERROR:process_memory_win.cc(73)] ReadMemory at 0x7ffbaf610000 of 64 bytes failed: Only part of a ReadProcessMemory or WriteProcessMemory request was completed. (0x12B)
[1111/115819.538:WARNING:pe_image_reader.cc(340)] could not read dos header from C:\WINDOWS\System32\MSASN1.dll
[1111/115819.538:ERROR:process_memory_win.cc(73)] ReadMemory at 0x7ffbb05b0260 of 40 bytes failed: Only part of a ReadProcessMemory or WriteProcessMemory request was completed. (0x12B)
[1111/115819.538:WARNING:pe_image_reader.cc(392)] could not read section 2 from C:\WINDOWS\System32\CRYPT32.dll
[1111/115819.538:ERROR:process_memory_win.cc(73)] ReadMemory at 0x7ffbb05b0000 of 64 bytes failed: Only part of a ReadProcessMemory or WriteProcessMemory request was completed. (0x12B)
[1111/115819.538:WARNING:pe_image_reader.cc(340)] could not read dos header from C:\WINDOWS\System32\CRYPT32.dll
[1111/115819.538:ERROR:process_memory_win.cc(73)] ReadMemory at 0x7ffbaea90000 of 64 bytes failed: Only part of a ReadProcessMemory or WriteProcessMemory request was completed. (0x12B)
[1111/115819.538:WARNING:pe_image_reader.cc(340)] could not read dos header from C:\WINDOWS\SYSTEM32\IPHLPAPI.DLL
[1111/115819.538:ERROR:process_memory_win.cc(73)] ReadMemory at 0x7ffbaea90000 of 64 bytes failed: Only part of a ReadProcessMemory or WriteProcessMemory request was completed. (0x12B)
[1111/115819.538:WARNING:pe_image_reader.cc(340)] could not read dos header from C:\WINDOWS\SYSTEM32\IPHLPAPI.DLL
[1111/115819.538:ERROR:process_memory_win.cc(73)] ReadMemory at 0x7ffbac030000 of 64 bytes failed: Only part of a ReadProcessMemory or WriteProcessMemory request was completed. (0x12B)
[1111/115819.538:WARNING:pe_image_reader.cc(340)] could not read dos header from C:\WINDOWS\SYSTEM32\WINMM.dll
[1111/115819.538:ERROR:process_memory_win.cc(73)] ReadMemory at 0x7ffbac030000 of 64 bytes failed: Only part of a ReadProcessMemory or WriteProcessMemory request was completed. (0x12B)
[1111/115819.538:WARNING:pe_image_reader.cc(340)] could not read dos header from C:\WINDOWS\SYSTEM32\WINMM.dll
[1111/115819.538:ERROR:process_memory_win.cc(73)] ReadMemory at 0x7ffbaf490000 of 64 bytes failed: Only part of a ReadProcessMemory or WriteProcessMemory request was completed. (0x12B)
[1111/115819.538:WARNING:pe_image_reader.cc(340)] could not read dos header from C:\WINDOWS\SYSTEM32\USERENV.dll
[1111/115819.538:ERROR:process_memory_win.cc(73)] ReadMemory at 0x7ffbaf490000 of 64 bytes failed: Only part of a ReadProcessMemory or WriteProcessMemory request was completed. (0x12B)
[1111/115819.538:WARNING:pe_image_reader.cc(340)] could not read dos header from C:\WINDOWS\SYSTEM32\USERENV.dll
[1111/115819.538:ERROR:process_memory_win.cc(73)] ReadMemory at 0x7ffbaf5a0000 of 64 bytes failed: Only part of a ReadProcessMemory or WriteProcessMemory request was completed. (0x12B)
[1111/115819.538:WARNING:pe_image_reader.cc(340)] could not read dos header from C:\WINDOWS\System32\profapi.dll
[1111/115819.538:ERROR:process_memory_win.cc(73)] ReadMemory at 0x7ffbaf5a0000 of 64 bytes failed: Only part of a ReadProcessMemory or WriteProcessMemory request was completed. (0x12B)
[1111/115819.538:WARNING:pe_image_reader.cc(340)] could not read dos header from C:\WINDOWS\System32\profapi.dll
[1111/115819.538:ERROR:process_memory_win.cc(73)] ReadMemory at 0x7ffba3fe0000 of 64 bytes failed: Only part of a ReadProcessMemory or WriteProcessMemory request was completed. (0x12B)
[1111/115819.538:WARNING:pe_image_reader.cc(340)] could not read dos header from C:\WINDOWS\SYSTEM32\DWrite.dll
[1111/115819.538:ERROR:process_memory_win.cc(73)] ReadMemory at 0x7ffba3fe0000 of 64 bytes failed: Only part of a ReadProcessMemory or WriteProcessMemory request was completed. (0x12B)
[1111/115819.538:WARNING:pe_image_reader.cc(340)] could not read dos header from C:\WINDOWS\SYSTEM32\DWrite.dll
[1111/115819.538:ERROR:process_memory_win.cc(73)] ReadMemory at 0x7ffb9dd30000 of 64 bytes failed: Only part of a ReadProcessMemory or WriteProcessMemory request was completed. (0x12B)
[1111/115819.538:WARNING:pe_image_reader.cc(340)] could not read dos header from C:\WINDOWS\SYSTEM32\WINSPOOL.DRV
[1111/115819.538:ERROR:process_memory_win.cc(73)] ReadMemory at 0x7ffb9dd30000 of 64 bytes failed: Only part of a ReadProcessMemory or WriteProcessMemory request was completed. (0x12B)
[1111/115819.538:WARNING:pe_image_reader.cc(340)] could not read dos header from C:\WINDOWS\SYSTEM32\WINSPOOL.DRV
[1111/115819.538:ERROR:process_memory_win.cc(73)] ReadMemory at 0x7ffbaf580000 of 64 bytes failed: Only part of a ReadProcessMemory or WriteProcessMemory request was completed. (0x12B)
[1111/115819.538:WARNING:pe_image_reader.cc(340)] could not read dos header from C:\WINDOWS\System32\kernel.appcore.dll
[1111/115819.538:ERROR:process_memory_win.cc(73)] ReadMemory at 0x7ffbaf580000 of 64 bytes failed: Only part of a ReadProcessMemory or WriteProcessMemory request was completed. (0x12B)
[1111/115819.538:WARNING:pe_image_reader.cc(340)] could not read dos header from C:\WINDOWS\System32\kernel.appcore.dll
[1111/115819.538:ERROR:process_memory_win.cc(73)] ReadMemory at 0x7ffbb0580000 of 64 bytes failed: Only part of a ReadProcessMemory or WriteProcessMemory request was completed. (0x12B)
[1111/115819.538:WARNING:pe_image_reader.cc(340)] could not read dos header from C:\WINDOWS\System32\bcrypt.dll
[1111/115819.538:ERROR:process_memory_win.cc(73)] ReadMemory at 0x7ffbb0580000 of 64 bytes failed: Only part of a ReadProcessMemory or WriteProcessMemory request was completed. (0x12B)
[1111/115819.538:WARNING:pe_image_reader.cc(340)] could not read dos header from C:\WINDOWS\System32\bcrypt.dll
[1111/115819.538:ERROR:process_memory_win.cc(73)] ReadMemory at 0x7ffb9c7d0000 of 64 bytes failed: Only part of a ReadProcessMemory or WriteProcessMemory request was completed. (0x12B)
[1111/115819.538:WARNING:pe_image_reader.cc(340)] could not read dos header from C:\WINDOWS\SYSTEM32\dbghelp.dll
[1111/115819.538:ERROR:process_memory_win.cc(73)] ReadMemory at 0x7ffb9c7d0000 of 64 bytes failed: Only part of a ReadProcessMemory or WriteProcessMemory request was completed. (0x12B)
[1111/115819.538:WARNING:pe_image_reader.cc(340)] could not read dos header from C:\WINDOWS\SYSTEM32\dbghelp.dll
[1111/115819.538:ERROR:process_memory_win.cc(73)] ReadMemory at 0x7ffb9d9c0000 of 64 bytes failed: Only part of a ReadProcessMemory or WriteProcessMemory request was completed. (0x12B)
[1111/115819.538:WARNING:pe_image_reader.cc(340)] could not read dos header from C:\WINDOWS\SYSTEM32\Secur32.dll
[1111/115819.538:ERROR:process_memory_win.cc(73)] ReadMemory at 0x7ffb9d9c0000 of 64 bytes failed: Only part of a ReadProcessMemory or WriteProcessMemory request was completed. (0x12B)
[1111/115819.538:WARNING:pe_image_reader.cc(340)] could not read dos header from C:\WINDOWS\SYSTEM32\Secur32.dll
[1111/115819.538:ERROR:process_memory_win.cc(73)] ReadMemory at 0x7ffba3600000 of 64 bytes failed: Only part of a ReadProcessMemory or WriteProcessMemory request was completed. (0x12B)
[1111/115819.538:WARNING:pe_image_reader.cc(340)] could not read dos header from C:\WINDOWS\SYSTEM32\WINHTTP.dll
[1111/115819.538:ERROR:process_memory_win.cc(73)] ReadMemory at 0x7ffba3600000 of 64 bytes failed: Only part of a ReadProcessMemory or WriteProcessMemory request was completed. (0x12B)
[1111/115819.538:WARNING:pe_image_reader.cc(340)] could not read dos header from C:\WINDOWS\SYSTEM32\WINHTTP.dll
[1111/115819.538:ERROR:process_memory_win.cc(73)] ReadMemory at 0x7ffba7140000 of 64 bytes failed: Only part of a ReadProcessMemory or WriteProcessMemory request was completed. (0x12B)
[1111/115819.538:WARNING:pe_image_reader.cc(340)] could not read dos header from C:\WINDOWS\SYSTEM32\dhcpcsvc.DLL
[1111/115819.538:ERROR:process_memory_win.cc(73)] ReadMemory at 0x7ffba7140000 of 64 bytes failed: Only part of a ReadProcessMemory or WriteProcessMemory request was completed. (0x12B)
[1111/115819.538:WARNING:pe_image_reader.cc(340)] could not read dos header from C:\WINDOWS\SYSTEM32\dhcpcsvc.DLL
[1111/115819.538:ERROR:process_memory_win.cc(73)] ReadMemory at 0x7ffbb1680000 of 64 bytes failed: Only part of a ReadProcessMemory or WriteProcessMemory request was completed. (0x12B)
[1111/115819.538:WARNING:pe_image_reader.cc(340)] could not read dos header from C:\WINDOWS\System32\NSI.dll
[1111/115819.538:ERROR:process_memory_win.cc(73)] ReadMemory at 0x7ffbb1680000 of 64 bytes failed: Only part of a ReadProcessMemory or WriteProcessMemory request was completed. (0x12B)
[1111/115819.538:WARNING:pe_image_reader.cc(340)] could not read dos header from C:\WINDOWS\System32\NSI.dll
[1111/115819.538:ERROR:process_memory_win.cc(73)] ReadMemory at 0x7ffbac000000 of 64 bytes failed: Only part of a ReadProcessMemory or WriteProcessMemory request was completed. (0x12B)
[1111/115819.538:WARNING:pe_image_reader.cc(340)] could not read dos header from C:\WINDOWS\SYSTEM32\WINMMBASE.dll
[1111/115819.538:ERROR:process_memory_win.cc(73)] ReadMemory at 0x7ffbac000000 of 64 bytes failed: Only part of a ReadProcessMemory or WriteProcessMemory request was completed. (0x12B)
[1111/115819.538:WARNING:pe_image_reader.cc(340)] could not read dos header from C:\WINDOWS\SYSTEM32\WINMMBASE.dll
[1111/115819.538:ERROR:process_memory_win.cc(73)] ReadMemory at 0x7ffbb0700000 of 64 bytes failed: Only part of a ReadProcessMemory or WriteProcessMemory request was completed. (0x12B)
[1111/115819.538:WARNING:pe_image_reader.cc(340)] could not read dos header from C:\WINDOWS\System32\cfgmgr32.dll
[1111/115819.538:ERROR:process_memory_win.cc(73)] ReadMemory at 0x7ffbb0700000 of 64 bytes failed: Only part of a ReadProcessMemory or WriteProcessMemory request was completed. (0x12B)
[1111/115819.538:WARNING:pe_image_reader.cc(340)] could not read dos header from C:\WINDOWS\System32\cfgmgr32.dll
[1111/115819.538:ERROR:process_memory_win.cc(73)] ReadMemory at 0x7ffbae030000 of 64 bytes failed: Only part of a ReadProcessMemory or WriteProcessMemory request was completed. (0x12B)
[1111/115819.538:WARNING:pe_image_reader.cc(340)] could not read dos header from C:\WINDOWS\SYSTEM32\PROPSYS.dll
[1111/115819.538:ERROR:process_memory_win.cc(73)] ReadMemory at 0x7ffbae030000 of 64 bytes failed: Only part of a ReadProcessMemory or WriteProcessMemory request was completed. (0x12B)
[1111/115819.538:WARNING:pe_image_reader.cc(340)] could not read dos header from C:\WINDOWS\SYSTEM32\PROPSYS.dll
[1111/115819.538:ERROR:process_memory_win.cc(73)] ReadMemory at 0x7ffbb1b70000 of 64 bytes failed: Only part of a ReadProcessMemory or WriteProcessMemory request was completed. (0x12B)
[1111/115819.538:WARNING:pe_image_reader.cc(340)] could not read dos header from C:\WINDOWS\System32\shcore.dll
[1111/115819.538:ERROR:process_memory_win.cc(73)] ReadMemory at 0x7ffbb1b70000 of 64 bytes failed: Only part of a ReadProcessMemory or WriteProcessMemory request was completed. (0x12B)
[1111/115819.538:WARNING:pe_image_reader.cc(340)] could not read dos header from C:\WINDOWS\System32\shcore.dll
[1111/115819.538:ERROR:process_memory_win.cc(73)] ReadMemory at 0x7ffbaf460000 of 64 bytes failed: Only part of a ReadProcessMemory or WriteProcessMemory request was completed. (0x12B)
[1111/115819.538:WARNING:pe_image_reader.cc(340)] could not read dos header from C:\WINDOWS\SYSTEM32\SSPICLI.DLL
[1111/115819.538:ERROR:process_memory_win.cc(73)] ReadMemory at 0x7ffbaf460000 of 64 bytes failed: Only part of a ReadProcessMemory or WriteProcessMemory request was completed. (0x12B)
[1111/115819.538:WARNING:pe_image_reader.cc(340)] could not read dos header from C:\WINDOWS\SYSTEM32\SSPICLI.DLL
[1111/115819.538:ERROR:process_memory_win.cc(73)] ReadMemory at 0x7ffbaef50000 of 64 bytes failed: Only part of a ReadProcessMemory or WriteProcessMemory request was completed. (0x12B)
[1111/115819.538:WARNING:pe_image_reader.cc(340)] could not read dos header from C:\WINDOWS\SYSTEM32\CRYPTBASE.DLL
[1111/115819.538:ERROR:process_memory_win.cc(73)] ReadMemory at 0x7ffbaef50000 of 64 bytes failed: Only part of a ReadProcessMemory or WriteProcessMemory request was completed. (0x12B)
[1111/115819.538:WARNING:pe_image_reader.cc(340)] could not read dos header from C:\WINDOWS\SYSTEM32\CRYPTBASE.DLL
[1111/115819.696:ERROR:process_memory_win.cc(73)] ReadMemory at 0x7ff70fc60000 of 64 bytes failed: Only part of a ReadProcessMemory or WriteProcessMemory request was completed. (0x12B)
[1111/115819.696:WARNING:pe_image_reader.cc(340)] could not read dos header from C:\Program Files (x86)\Google\Chrome\Application\chrome.exe
[1111/115819.696:ERROR:process_memory_win.cc(73)] ReadMemory at 0x7ffbb26a0000 of 64 bytes failed: Only part of a ReadProcessMemory or WriteProcessMemory request was completed. (0x12B)
[1111/115819.696:WARNING:pe_image_reader.cc(340)] could not read dos header from C:\WINDOWS\SYSTEM32\ntdll.dll
[1111/115819.696:ERROR:process_memory_win.cc(73)] ReadMemory at 0x7ffbb1da0000 of 64 bytes failed: Only part of a ReadProcessMemory or WriteProcessMemory request was completed. (0x12B)
[1111/115819.696:WARNING:pe_image_reader.cc(340)] could not read dos header from C:\WINDOWS\System32\KERNEL32.DLL
[1111/115819.696:ERROR:process_memory_win.cc(73)] ReadMemory at 0x7ffbaf730000 of 64 bytes failed: Only part of a ReadProcessMemory or WriteProcessMemory request was completed. (0x12B)
[1111/115819.696:WARNING:pe_image_reader.cc(340)] could not read dos header from C:\WINDOWS\System32\KERNELBASE.dll
[1111/115819.696:ERROR:process_memory_win.cc(73)] ReadMemory at 0x7ffb8d240000 of 64 bytes failed: Only part of a ReadProcessMemory or WriteProcessMemory request was completed. (0x12B)
[1111/115819.696:WARNING:pe_image_reader.cc(340)] could not read dos header from C:\Program Files (x86)\Google\Chrome\Application\78.0.3904.97\chrome_elf.dll
[1111/115819.696:ERROR:process_memory_win.cc(73)] ReadMemory at 0x7ffba5700000 of 64 bytes failed: Only part of a ReadProcessMemory or WriteProcessMemory request was completed. (0x12B)
[1111/115819.696:WARNING:pe_image_reader.cc(340)] could not read dos header from C:\WINDOWS\SYSTEM32\VERSION.dll
[1111/115819.696:ERROR:process_memory_win.cc(73)] ReadMemory at 0x7ffbb0f80000 of 64 bytes failed: Only part of a ReadProcessMemory or WriteProcessMemory request was completed. (0x12B)
[1111/115819.696:WARNING:pe_image_reader.cc(340)] could not read dos header from C:\WINDOWS\System32\msvcrt.dll
[1111/115819.696:ERROR:process_memory_win.cc(73)] ReadMemory at 0x7ffbafb80000 of 64 bytes failed: Only part of a ReadProcessMemory or WriteProcessMemory request was completed. (0x12B)
[1111/115819.696:WARNING:pe_image_reader.cc(340)] could not read dos header from C:\WINDOWS\System32\bcryptPrimitives.dll
[1111/115819.696:ERROR:process_memory_win.cc(73)] ReadMemory at 0x7ffbb15d0000 of 64 bytes failed: Only part of a ReadProcessMemory or WriteProcessMemory request was completed. (0x12B)
[1111/115819.696:WARNING:pe_image_reader.cc(340)] could not read dos header from C:\WINDOWS\System32\ADVAPI32.dll
[1111/115819.696:ERROR:process_memory_win.cc(73)] ReadMemory at 0x7ffbb20a0000 of 64 bytes failed: Only part of a ReadProcessMemory or WriteProcessMemory request was completed. (0x12B)
[1111/115819.696:WARNING:pe_image_reader.cc(340)] could not read dos header from C:\WINDOWS\System32\sechost.dll
[1111/115819.696:ERROR:process_memory_win.cc(73)] ReadMemory at 0x7ffbb1980000 of 64 bytes failed: Only part of a ReadProcessMemory or WriteProcessMemory request was completed. (0x12B)
[1111/115819.696:WARNING:pe_image_reader.cc(340)] could not read dos header from C:\WINDOWS\System32\RPCRT4.dll
[1111/115819.696:ERROR:process_memory_win.cc(73)] ReadMemory at 0x7ffb63c20000 of 64 bytes failed: Only part of a ReadProcessMemory or WriteProcessMemory request was completed. (0x12B)
[1111/115819.696:WARNING:pe_image_reader.cc(340)] could not read dos header from C:\Program Files (x86)\Google\Chrome\Application\78.0.3904.97\chrome_child.dll
[1111/115819.696:ERROR:process_memory_win.cc(73)] ReadMemory at 0x12e003b0000 of 64 bytes failed: Only part of a ReadProcessMemory or WriteProcessMemory request was completed. (0x12B)
[1111/115819.696:WARNING:pe_image_reader.cc(340)] could not read dos header from C:\WINDOWS\System32\OLEAUT32.dll
[1111/115819.696:ERROR:process_memory_win.cc(73)] ReadMemory at 0x7ffbafa90000 of 64 bytes failed: Only part of a ReadProcessMemory or WriteProcessMemory request was completed. (0x12B)
[1111/115819.696:WARNING:pe_image_reader.cc(340)] could not read dos header from C:\WINDOWS\System32\msvcp_win.dll
[1111/115819.696:ERROR:process_memory_win.cc(73)] ReadMemory at 0x7ffbaf630000 of 64 bytes failed: Only part of a ReadProcessMemory or WriteProcessMemory request was completed. (0x12B)
[1111/115819.696:WARNING:pe_image_reader.cc(340)] could not read dos header from C:\WINDOWS\System32\ucrtbase.dll
[1111/115819.696:ERROR:process_memory_win.cc(73)] ReadMemory at 0x7ffbb10e0000 of 64 bytes failed: Only part of a ReadProcessMemory or WriteProcessMemory request was completed. (0x12B)
[1111/115819.696:WARNING:pe_image_reader.cc(340)] could not read dos header from C:\WINDOWS\System32\combase.dll
[1111/115819.696:ERROR:process_memory_win.cc(73)] ReadMemory at 0x7ffbb1760000 of 64 bytes failed: Only part of a ReadProcessMemory or WriteProcessMemory request was completed. (0x12B)
[1111/115819.696:WARNING:pe_image_reader.cc(340)] could not read dos header from C:\WINDOWS\System32\WS2_32.dll
[1111/115819.696:ERROR:process_memory_win.cc(73)] ReadMemory at 0x7ffbafc00000 of 64 bytes failed: Only part of a ReadProcessMemory or WriteProcessMemory request was completed. (0x12B)
[1111/115819.696:WARNING:pe_image_reader.cc(340)] could not read dos header from C:\WINDOWS\System32\WINTRUST.dll
[1111/115819.696:ERROR:process_memory_win.cc(73)] ReadMemory at 0x7ffbaf610000 of 64 bytes failed: Only part of a ReadProcessMemory or WriteProcessMemory request was completed. (0x12B)
[1111/115819.696:WARNING:pe_image_reader.cc(340)] could not read dos header from C:\WINDOWS\System32\MSASN1.dll
[1111/115819.696:ERROR:process_memory_win.cc(73)] ReadMemory at 0x7ffbb05b0000 of 64 bytes failed: Only part of a ReadProcessMemory or WriteProcessMemory request was completed. (0x12B)
[1111/115819.696:WARNING:pe_image_reader.cc(340)] could not read dos header from C:\WINDOWS\System32\CRYPT32.dll
[1111/115819.696:ERROR:process_memory_win.cc(73)] ReadMemory at 0x7ffbaea90000 of 64 bytes failed: Only part of a ReadProcessMemory or WriteProcessMemory request was completed. (0x12B)
[1111/115819.696:WARNING:pe_image_reader.cc(340)] could not read dos header from C:\WINDOWS\SYSTEM32\IPHLPAPI.DLL
[1111/115819.696:ERROR:process_memory_win.cc(73)] ReadMemory at 0x7ffbac030000 of 64 bytes failed: Only part of a ReadProcessMemory or WriteProcessMemory request was completed. (0x12B)
[1111/115819.696:WARNING:pe_image_reader.cc(340)] could not read dos header from C:\WINDOWS\SYSTEM32\WINMM.dll
[1111/115819.696:ERROR:process_memory_win.cc(73)] ReadMemory at 0x7ffbaf490000 of 64 bytes failed: Only part of a ReadProcessMemory or WriteProcessMemory request was completed. (0x12B)
[1111/115819.696:WARNING:pe_image_reader.cc(340)] could not read dos header from C:\WINDOWS\SYSTEM32\USERENV.dll
[1111/115819.696:ERROR:process_memory_win.cc(73)] ReadMemory at 0x7ffbaf5a0000 of 64 bytes failed: Only part of a ReadProcessMemory or WriteProcessMemory request was completed. (0x12B)
[1111/115819.696:WARNING:pe_image_reader.cc(340)] could not read dos header from C:\WINDOWS\System32\profapi.dll
[1111/115819.696:ERROR:process_memory_win.cc(73)] ReadMemory at 0x7ffba3fe0000 of 64 bytes failed: Only part of a ReadProcessMemory or WriteProcessMemory request was completed. (0x12B)
[1111/115819.696:WARNING:pe_image_reader.cc(340)] could not read dos header from C:\WINDOWS\SYSTEM32\DWrite.dll
[1111/115819.696:ERROR:process_memory_win.cc(73)] ReadMemory at 0x7ffb9dd30000 of 64 bytes failed: Only part of a ReadProcessMemory or WriteProcessMemory request was completed. (0x12B)
[1111/115819.696:WARNING:pe_image_reader.cc(340)] could not read dos header from C:\WINDOWS\SYSTEM32\WINSPOOL.DRV
[1111/115819.696:ERROR:process_memory_win.cc(73)] ReadMemory at 0x7ffbaf580000 of 64 bytes failed: Only part of a ReadProcessMemory or WriteProcessMemory request was completed. (0x12B)
[1111/115819.696:WARNING:pe_image_reader.cc(340)] could not read dos header from C:\WINDOWS\System32\kernel.appcore.dll
[1111/115819.696:ERROR:process_memory_win.cc(73)] ReadMemory at 0x7ffbb0580000 of 64 bytes failed: Only part of a ReadProcessMemory or WriteProcessMemory request was completed. (0x12B)
[1111/115819.696:WARNING:pe_image_reader.cc(340)] could not read dos header from C:\WINDOWS\System32\bcrypt.dll
[1111/115819.696:ERROR:process_memory_win.cc(73)] ReadMemory at 0x7ffb9c7d0000 of 64 bytes failed: Only part of a ReadProcessMemory or WriteProcessMemory request was completed. (0x12B)
[1111/115819.696:WARNING:pe_image_reader.cc(340)] could not read dos header from C:\WINDOWS\SYSTEM32\dbghelp.dll
[1111/115819.712:ERROR:process_memory_win.cc(73)] ReadMemory at 0x7ffb9d9c0000 of 64 bytes failed: Only part of a ReadProcessMemory or WriteProcessMemory request was completed. (0x12B)
[1111/115819.712:WARNING:pe_image_reader.cc(340)] could not read dos header from C:\WINDOWS\SYSTEM32\Secur32.dll
[1111/115819.712:ERROR:process_memory_win.cc(73)] ReadMemory at 0x7ffba3600000 of 64 bytes failed: Only part of a ReadProcessMemory or WriteProcessMemory request was completed. (0x12B)
[1111/115819.712:WARNING:pe_image_reader.cc(340)] could not read dos header from C:\WINDOWS\SYSTEM32\WINHTTP.dll
[1111/115819.712:ERROR:process_memory_win.cc(73)] ReadMemory at 0x7ffba7140000 of 64 bytes failed: Only part of a ReadProcessMemory or WriteProcessMemory request was completed. (0x12B)
[1111/115819.712:WARNING:pe_image_reader.cc(340)] could not read dos header from C:\WINDOWS\SYSTEM32\dhcpcsvc.DLL
[1111/115819.712:ERROR:process_memory_win.cc(73)] ReadMemory at 0x7ffbb1680000 of 64 bytes failed: Only part of a ReadProcessMemory or WriteProcessMemory request was completed. (0x12B)
[1111/115819.712:WARNING:pe_image_reader.cc(340)] could not read dos header from C:\WINDOWS\System32\NSI.dll
[1111/115819.712:ERROR:process_memory_win.cc(73)] ReadMemory at 0x7ffbac000000 of 64 bytes failed: Only part of a ReadProcessMemory or WriteProcessMemory request was completed. (0x12B)
[1111/115819.712:WARNING:pe_image_reader.cc(340)] could not read dos header from C:\WINDOWS\SYSTEM32\WINMMBASE.dll
[1111/115819.712:ERROR:process_memory_win.cc(73)] ReadMemory at 0x7ffbb0700000 of 64 bytes failed: Only part of a ReadProcessMemory or WriteProcessMemory request was completed. (0x12B)
[1111/115819.712:WARNING:pe_image_reader.cc(340)] could not read dos header from C:\WINDOWS\System32\cfgmgr32.dll
[1111/115819.712:ERROR:process_memory_win.cc(73)] ReadMemory at 0x7ffbae030000 of 64 bytes failed: Only part of a ReadProcessMemory or WriteProcessMemory request was completed. (0x12B)
[1111/115819.712:WARNING:pe_image_reader.cc(340)] could not read dos header from C:\WINDOWS\SYSTEM32\PROPSYS.dll
[1111/115819.712:ERROR:process_memory_win.cc(73)] ReadMemory at 0x7ffbb1b70000 of 64 bytes failed: Only part of a ReadProcessMemory or WriteProcessMemory request was completed. (0x12B)
[1111/115819.712:WARNING:pe_image_reader.cc(340)] could not read dos header from C:\WINDOWS\System32\shcore.dll
[1111/115819.712:ERROR:process_memory_win.cc(73)] ReadMemory at 0x7ffbaf460000 of 64 bytes failed: Only part of a ReadProcessMemory or WriteProcessMemory request was completed. (0x12B)
[1111/115819.712:WARNING:pe_image_reader.cc(340)] could not read dos header from C:\WINDOWS\SYSTEM32\SSPICLI.DLL
[1111/115819.712:ERROR:process_memory_win.cc(73)] ReadMemory at 0x7ffbaef50000 of 64 bytes failed: Only part of a ReadProcessMemory or WriteProcessMemory request was completed. (0x12B)
[1111/115819.712:WARNING:pe_image_reader.cc(340)] could not read dos header from C:\WINDOWS\SYSTEM32\CRYPTBASE.DLL
[1111/115819.712:ERROR:process_memory_win.cc(73)] ReadMemory at 0x7ff70fc60000 of 64 bytes failed: Only part of a ReadProcessMemory or WriteProcessMemory request was completed. (0x12B)
[1111/115819.712:WARNING:pe_image_reader.cc(340)] could not read dos header from C:\Program Files (x86)\Google\Chrome\Application\chrome.exe
[1111/115819.712:ERROR:process_memory_win.cc(73)] ReadMemory at 0x7ffbb26a0000 of 64 bytes failed: Only part of a ReadProcessMemory or WriteProcessMemory request was completed. (0x12B)
[1111/115819.712:WARNING:pe_image_reader.cc(340)] could not read dos header from C:\WINDOWS\SYSTEM32\ntdll.dll
[1111/115819.712:ERROR:process_memory_win.cc(73)] ReadMemory at 0x7ffbb1da0000 of 64 bytes failed: Only part of a ReadProcessMemory or WriteProcessMemory request was completed. (0x12B)
[1111/115819.712:WARNING:pe_image_reader.cc(340)] could not read dos header from C:\WINDOWS\System32\KERNEL32.DLL
[1111/115819.712:ERROR:process_memory_win.cc(73)] ReadMemory at 0x7ffbaf730000 of 64 bytes failed: Only part of a ReadProcessMemory or WriteProcessMemory request was completed. (0x12B)
[1111/115819.712:WARNING:pe_image_reader.cc(340)] could not read dos header from C:\WINDOWS\System32\KERNELBASE.dll
[1111/115819.712:ERROR:process_memory_win.cc(73)] ReadMemory at 0x7ffb8d240000 of 64 bytes failed: Only part of a ReadProcessMemory or WriteProcessMemory request was completed. (0x12B)
[1111/115819.712:WARNING:pe_image_reader.cc(340)] could not read dos header from C:\Program Files (x86)\Google\Chrome\Application\78.0.3904.97\chrome_elf.dll
[1111/115819.712:ERROR:process_memory_win.cc(73)] ReadMemory at 0x7ffba5700000 of 64 bytes failed: Only part of a ReadProcessMemory or WriteProcessMemory request was completed. (0x12B)
[1111/115819.712:WARNING:pe_image_reader.cc(340)] could not read dos header from C:\WINDOWS\SYSTEM32\VERSION.dll
[1111/115819.712:ERROR:process_memory_win.cc(73)] ReadMemory at 0x7ffbb0f80000 of 64 bytes failed: Only part of a ReadProcessMemory or WriteProcessMemory request was completed. (0x12B)
[1111/115819.712:WARNING:pe_image_reader.cc(340)] could not read dos header from C:\WINDOWS\System32\msvcrt.dll
[1111/115819.712:ERROR:process_memory_win.cc(73)] ReadMemory at 0x7ffbafb80000 of 64 bytes failed: Only part of a ReadProcessMemory or WriteProcessMemory request was completed. (0x12B)
[1111/115819.712:WARNING:pe_image_reader.cc(340)] could not read dos header from C:\WINDOWS\System32\bcryptPrimitives.dll
[1111/115819.712:ERROR:process_memory_win.cc(73)] ReadMemory at 0x7ffbb15d0000 of 64 bytes failed: Only part of a ReadProcessMemory or WriteProcessMemory request was completed. (0x12B)
[1111/115819.712:WARNING:pe_image_reader.cc(340)] could not read dos header from C:\WINDOWS\System32\ADVAPI32.dll
[1111/115819.712:ERROR:process_memory_win.cc(73)] ReadMemory at 0x7ffbb20a0000 of 64 bytes failed: Only part of a ReadProcessMemory or WriteProcessMemory request was completed. (0x12B)
[1111/115819.712:WARNING:pe_image_reader.cc(340)] could not read dos header from C:\WINDOWS\System32\sechost.dll
[1111/115819.712:ERROR:process_memory_win.cc(73)] ReadMemory at 0x7ffbb1980000 of 64 bytes failed: Only part of a ReadProcessMemory or WriteProcessMemory request was completed. (0x12B)
[1111/115819.712:WARNING:pe_image_reader.cc(340)] could not read dos header from C:\WINDOWS\System32\RPCRT4.dll
[1111/115819.712:ERROR:process_memory_win.cc(73)] ReadMemory at 0x7ffb63c20000 of 64 bytes failed: Only part of a ReadProcessMemory or WriteProcessMemory request was completed. (0x12B)
[1111/115819.712:WARNING:pe_image_reader.cc(340)] could not read dos header from C:\Program Files (x86)\Google\Chrome\Application\78.0.3904.97\chrome_child.dll
[1111/115819.712:ERROR:process_memory_win.cc(73)] ReadMemory at 0x12e003b0000 of 64 bytes failed: Only part of a ReadProcessMemory or WriteProcessMemory request was completed. (0x12B)
[1111/115819.712:WARNING:pe_image_reader.cc(340)] could not read dos header from C:\WINDOWS\System32\OLEAUT32.dll
[1111/115819.712:ERROR:process_memory_win.cc(73)] ReadMemory at 0x7ffbafa90000 of 64 bytes failed: Only part of a ReadProcessMemory or WriteProcessMemory request was completed. (0x12B)
[1111/115819.712:WARNING:pe_image_reader.cc(340)] could not read dos header from C:\WINDOWS\System32\msvcp_win.dll
[1111/115819.712:ERROR:process_memory_win.cc(73)] ReadMemory at 0x7ffbaf630000 of 64 bytes failed: Only part of a ReadProcessMemory or WriteProcessMemory request was completed. (0x12B)
[1111/115819.712:WARNING:pe_image_reader.cc(340)] could not read dos header from C:\WINDOWS\System32\ucrtbase.dll
[1111/115819.712:ERROR:process_memory_win.cc(73)] ReadMemory at 0x7ffbb10e0000 of 64 bytes failed: Only part of a ReadProcessMemory or WriteProcessMemory request was completed. (0x12B)
[1111/115819.712:WARNING:pe_image_reader.cc(340)] could not read dos header from C:\WINDOWS\System32\combase.dll
[1111/115819.712:ERROR:process_memory_win.cc(73)] ReadMemory at 0x7ffbb1760000 of 64 bytes failed: Only part of a ReadProcessMemory or WriteProcessMemory request was completed. (0x12B)
[1111/115819.712:WARNING:pe_image_reader.cc(340)] could not read dos header from C:\WINDOWS\System32\WS2_32.dll
[1111/115819.712:ERROR:process_memory_win.cc(73)] ReadMemory at 0x7ffbafc00000 of 64 bytes failed: Only part of a ReadProcessMemory or WriteProcessMemory request was completed. (0x12B)
[1111/115819.712:WARNING:pe_image_reader.cc(340)] could not read dos header from C:\WINDOWS\System32\WINTRUST.dll
[1111/115819.712:ERROR:process_memory_win.cc(73)] ReadMemory at 0x7ffbaf610000 of 64 bytes failed: Only part of a ReadProcessMemory or WriteProcessMemory request was completed. (0x12B)
[1111/115819.712:WARNING:pe_image_reader.cc(340)] could not read dos header from C:\WINDOWS\System32\MSASN1.dll
[1111/115819.712:ERROR:process_memory_win.cc(73)] ReadMemory at 0x7ffbb05b0000 of 64 bytes failed: Only part of a ReadProcessMemory or WriteProcessMemory request was completed. (0x12B)
[1111/115819.712:WARNING:pe_image_reader.cc(340)] could not read dos header from C:\WINDOWS\System32\CRYPT32.dll
[1111/115819.712:ERROR:process_memory_win.cc(73)] ReadMemory at 0x7ffbaea90000 of 64 bytes failed: Only part of a ReadProcessMemory or WriteProcessMemory request was completed. (0x12B)
[1111/115819.712:WARNING:pe_image_reader.cc(340)] could not read dos header from C:\WINDOWS\SYSTEM32\IPHLPAPI.DLL
[1111/115819.712:ERROR:process_memory_win.cc(73)] ReadMemory at 0x7ffbac030000 of 64 bytes failed: Only part of a ReadProcessMemory or WriteProcessMemory request was completed. (0x12B)
[1111/115819.712:WARNING:pe_image_reader.cc(340)] could not read dos header from C:\WINDOWS\SYSTEM32\WINMM.dll
[1111/115819.712:ERROR:process_memory_win.cc(73)] ReadMemory at 0x7ffbaf490000 of 64 bytes failed: Only part of a ReadProcessMemory or WriteProcessMemory request was completed. (0x12B)
[1111/115819.712:WARNING:pe_image_reader.cc(340)] could not read dos header from C:\WINDOWS\SYSTEM32\USERENV.dll
[1111/115819.712:ERROR:process_memory_win.cc(73)] ReadMemory at 0x7ffbaf5a0000 of 64 bytes failed: Only part of a ReadProcessMemory or WriteProcessMemory request was completed. (0x12B)
[1111/115819.712:WARNING:pe_image_reader.cc(340)] could not read dos header from C:\WINDOWS\System32\profapi.dll
[1111/115819.712:ERROR:process_memory_win.cc(73)] ReadMemory at 0x7ffba3fe0000 of 64 bytes failed: Only part of a ReadProcessMemory or WriteProcessMemory request was completed. (0x12B)
[1111/115819.712:WARNING:pe_image_reader.cc(340)] could not read dos header from C:\WINDOWS\SYSTEM32\DWrite.dll
[1111/115819.712:ERROR:process_memory_win.cc(73)] ReadMemory at 0x7ffb9dd30000 of 64 bytes failed: Only part of a ReadProcessMemory or WriteProcessMemory request was completed. (0x12B)
[1111/115819.712:WARNING:pe_image_reader.cc(340)] could not read dos header from C:\WINDOWS\SYSTEM32\WINSPOOL.DRV
[1111/115819.712:ERROR:process_memory_win.cc(73)] ReadMemory at 0x7ffbaf580000 of 64 bytes failed: Only part of a ReadProcessMemory or WriteProcessMemory request was completed. (0x12B)
[1111/115819.712:WARNING:pe_image_reader.cc(340)] could not read dos header from C:\WINDOWS\System32\kernel.appcore.dll
[1111/115819.712:ERROR:process_memory_win.cc(73)] ReadMemory at 0x7ffbb0580000 of 64 bytes failed: Only part of a ReadProcessMemory or WriteProcessMemory request was completed. (0x12B)
[1111/115819.712:WARNING:pe_image_reader.cc(340)] could not read dos header from C:\WINDOWS\System32\bcrypt.dll
[1111/115819.712:ERROR:process_memory_win.cc(73)] ReadMemory at 0x7ffb9c7d0000 of 64 bytes failed: Only part of a ReadProcessMemory or WriteProcessMemory request was completed. (0x12B)
[1111/115819.712:WARNING:pe_image_reader.cc(340)] could not read dos header from C:\WINDOWS\SYSTEM32\dbghelp.dll
[1111/115819.712:ERROR:process_memory_win.cc(73)] ReadMemory at 0x7ffb9d9c0000 of 64 bytes failed: Only part of a ReadProcessMemory or WriteProcessMemory request was completed. (0x12B)
[1111/115819.712:WARNING:pe_image_reader.cc(340)] could not read dos header from C:\WINDOWS\SYSTEM32\Secur32.dll
[1111/115819.712:ERROR:process_memory_win.cc(73)] ReadMemory at 0x7ffba3600000 of 64 bytes failed: Only part of a ReadProcessMemory or WriteProcessMemory request was completed. (0x12B)
[1111/115819.712:WARNING:pe_image_reader.cc(340)] could not read dos header from C:\WINDOWS\SYSTEM32\WINHTTP.dll
[1111/115819.712:ERROR:process_memory_win.cc(73)] ReadMemory at 0x7ffba7140000 of 64 bytes failed: Only part of a ReadProcessMemory or WriteProcessMemory request was completed. (0x12B)
[1111/115819.712:WARNING:pe_image_reader.cc(340)] could not read dos header from C:\WINDOWS\SYSTEM32\dhcpcsvc.DLL
[1111/115819.712:ERROR:process_memory_win.cc(73)] ReadMemory at 0x7ffbb1680000 of 64 bytes failed: Only part of a ReadProcessMemory or WriteProcessMemory request was completed. (0x12B)
[1111/115819.712:WARNING:pe_image_reader.cc(340)] could not read dos header from C:\WINDOWS\System32\NSI.dll
[1111/115819.712:ERROR:process_memory_win.cc(73)] ReadMemory at 0x7ffbac000000 of 64 bytes failed: Only part of a ReadProcessMemory or WriteProcessMemory request was completed. (0x12B)
[1111/115819.712:WARNING:pe_image_reader.cc(340)] could not read dos header from C:\WINDOWS\SYSTEM32\WINMMBASE.dll
[1111/115819.712:ERROR:process_memory_win.cc(73)] ReadMemory at 0x7ffbb0700000 of 64 bytes failed: Only part of a ReadProcessMemory or WriteProcessMemory request was completed. (0x12B)
[1111/115819.712:WARNING:pe_image_reader.cc(340)] could not read dos header from C:\WINDOWS\System32\cfgmgr32.dll
[1111/115819.712:ERROR:process_memory_win.cc(73)] ReadMemory at 0x7ffbae030000 of 64 bytes failed: Only part of a ReadProcessMemory or WriteProcessMemory request was completed. (0x12B)
[1111/115819.712:WARNING:pe_image_reader.cc(340)] could not read dos header from C:\WINDOWS\SYSTEM32\PROPSYS.dll
[1111/115819.712:ERROR:process_memory_win.cc(73)] ReadMemory at 0x7ffbb1b70000 of 64 bytes failed: Only part of a ReadProcessMemory or WriteProcessMemory request was completed. (0x12B)
[1111/115819.712:WARNING:pe_image_reader.cc(340)] could not read dos header from C:\WINDOWS\System32\shcore.dll
[1111/115819.712:ERROR:process_memory_win.cc(73)] ReadMemory at 0x7ffbaf460000 of 64 bytes failed: Only part of a ReadProcessMemory or WriteProcessMemory request was completed. (0x12B)
[1111/115819.712:WARNING:pe_image_reader.cc(340)] could not read dos header from C:\WINDOWS\SYSTEM32\SSPICLI.DLL
[1111/115819.712:ERROR:process_memory_win.cc(73)] ReadMemory at 0x7ffbaef50000 of 64 bytes failed: Only part of a ReadProcessMemory or WriteProcessMemory request was completed. (0x12B)
[1111/115819.712:WARNING:pe_image_reader.cc(340)] could not read dos header from C:\WINDOWS\SYSTEM32\CRYPTBASE.DLL
[1111/115819.727:ERROR:process_memory_win.cc(73)] ReadMemory at 0x6097f4000 of 49152 bytes failed: Only part of a ReadProcessMemory or WriteProcessMemory request was completed. (0x12B)
[1111/115819.727:ERROR:process_memory_win.cc(73)] ReadMemory at 0x609ffd000 of 12288 bytes failed: Only part of a ReadProcessMemory or WriteProcessMemory request was completed. (0x12B)
[1111/115819.727:ERROR:process_memory_win.cc(73)] ReadMemory at 0x60a7fb000 of 20480 bytes failed: Only part of a ReadProcessMemory or WriteProcessMemory request was completed. (0x12B)
[1111/115819.727:ERROR:process_memory_win.cc(73)] ReadMemory at 0x60affc000 of 16384 bytes failed: Only part of a ReadProcessMemory or WriteProcessMemory request was completed. (0x12B)
[1111/115819.727:ERROR:process_memory_win.cc(73)] ReadMemory at 0x60b7fc000 of 16384 bytes failed: Only part of a ReadProcessMemory or WriteProcessMemory request was completed. (0x12B)
[1111/115819.727:ERROR:process_memory_win.cc(73)] ReadMemory at 0x60bffe000 of 8192 bytes failed: Only part of a ReadProcessMemory or WriteProcessMemory request was completed. (0x12B)
[1111/115819.727:ERROR:process_memory_win.cc(73)] ReadMemory at 0x60c7fd000 of 12288 bytes failed: Only part of a ReadProcessMemory or WriteProcessMemory request was completed. (0x12B)
[1111/115819.727:ERROR:process_memory_win.cc(73)] ReadMemory at 0x60cffb000 of 20480 bytes failed: Only part of a ReadProcessMemory or WriteProcessMemory request was completed. (0x12B)
[1111/115819.727:ERROR:process_memory_win.cc(73)] ReadMemory at 0x60d7fd000 of 12288 bytes failed: Only part of a ReadProcessMemory or WriteProcessMemory request was completed. (0x12B)
[1111/115819.727:ERROR:process_memory_win.cc(73)] ReadMemory at 0x60dffd000 of 12288 bytes failed: Only part of a ReadProcessMemory or WriteProcessMemory request was completed. (0x12B)
[1111/115819.727:ERROR:process_memory_win.cc(73)] ReadMemory at 0x60e7fd000 of 12288 bytes failed: Only part of a ReadProcessMemory or WriteProcessMemory request was completed. (0x12B)
[1111/115819.727:ERROR:process_memory_win.cc(73)] ReadMemory at 0x60effd000 of 12288 bytes failed: Only part of a ReadProcessMemory or WriteProcessMemory request was completed. (0x12B)
[1111/115819.727:ERROR:process_memory_win.cc(73)] ReadMemory at 0x60f7f8000 of 32768 bytes failed: Only part of a ReadProcessMemory or WriteProcessMemory request was completed. (0x12B)
[1111/115819.727:ERROR:process_memory_win.cc(73)] ReadMemory at 0x60fffd000 of 12288 bytes failed: Only part of a ReadProcessMemory or WriteProcessMemory request was completed. (0x12B)
[1111/115819.727:ERROR:process_memory_win.cc(73)] ReadMemory at 0x608e6c000 of 852 bytes failed: Only part of a ReadProcessMemory or WriteProcessMemory request was completed. (0x12B)
[1111/115819.727:ERROR:process_memory_win.cc(73)] ReadMemory at 0x608e6d000 of 6024 bytes failed: Only part of a ReadProcessMemory or WriteProcessMemory request was completed. (0x12B)
[1111/115819.727:ERROR:process_memory_win.cc(73)] ReadMemory at 0x608e6f000 of 6024 bytes failed: Only part of a ReadProcessMemory or WriteProcessMemory request was completed. (0x12B)
[1111/115819.727:ERROR:process_memory_win.cc(73)] ReadMemory at 0x608e71000 of 6024 bytes failed: Only part of a ReadProcessMemory or WriteProcessMemory request was completed. (0x12B)
[1111/115819.727:ERROR:process_memory_win.cc(73)] ReadMemory at 0x608e73000 of 6024 bytes failed: Only part of a ReadProcessMemory or WriteProcessMemory request was completed. (0x12B)
[1111/115819.727:ERROR:process_memory_win.cc(73)] ReadMemory at 0x608e75000 of 6024 bytes failed: Only part of a ReadProcessMemory or WriteProcessMemory request was completed. (0x12B)
[1111/115819.727:ERROR:process_memory_win.cc(73)] ReadMemory at 0x608e77000 of 6024 bytes failed: Only part of a ReadProcessMemory or WriteProcessMemory request was completed. (0x12B)
[1111/115819.727:ERROR:process_memory_win.cc(73)] ReadMemory at 0x608e79000 of 6024 bytes failed: Only part of a ReadProcessMemory or WriteProcessMemory request was completed. (0x12B)
[1111/115819.727:ERROR:process_memory_win.cc(73)] ReadMemory at 0x608e7b000 of 6024 bytes failed: Only part of a ReadProcessMemory or WriteProcessMemory request was completed. (0x12B)
[1111/115819.727:ERROR:process_memory_win.cc(73)] ReadMemory at 0x608e7d000 of 6024 bytes failed: Only part of a ReadProcessMemory or WriteProcessMemory request was completed. (0x12B)
[1111/115819.727:ERROR:process_memory_win.cc(73)] ReadMemory at 0x608e7f000 of 6024 bytes failed: Only part of a ReadProcessMemory or WriteProcessMemory request was completed. (0x12B)
[1111/115819.727:ERROR:process_memory_win.cc(73)] ReadMemory at 0x608e81000 of 6024 bytes failed: Only part of a ReadProcessMemory or WriteProcessMemory request was completed. (0x12B)
[1111/115819.727:ERROR:process_memory_win.cc(73)] ReadMemory at 0x608e83000 of 6024 bytes failed: Only part of a ReadProcessMemory or WriteProcessMemory request was completed. (0x12B)
[1111/115819.727:ERROR:process_memory_win.cc(73)] ReadMemory at 0x608e85000 of 6024 bytes failed: Only part of a ReadProcessMemory or WriteProcessMemory request was completed. (0x12B)
[1111/115819.727:ERROR:process_memory_win.cc(73)] ReadMemory at 0x608e87000 of 6024 bytes failed: Only part of a ReadProcessMemory or WriteProcessMemory request was completed. (0x12B)
[1111/115819.727:ERROR:process_memory_win.cc(73)] ReadMemory at 0x12e00030fe0 of 4708 bytes failed: Only part of a ReadProcessMemory or WriteProcessMemory request was completed. (0x12B)
[1111/115819.727:ERROR:process_memory_win.cc(73)] ReadMemory at 0x12e00032250 of 1012 bytes failed: Only part of a ReadProcessMemory or WriteProcessMemory request was completed. (0x12B)
[1111/115819.727:ERROR:process_memory_win.cc(73)] ReadMemory at 0x12e00032898 of 118 bytes failed: Only part of a ReadProcessMemory or WriteProcessMemory request was completed. (0x12B)
[1111/115819.727:ERROR:process_memory_win.cc(73)] ReadMemory at 0x12e00032910 of 854 bytes failed: Only part of a ReadProcessMemory or WriteProcessMemory request was completed. (0x12B)
[1111/115819.727:ERROR:process_memory_win.cc(73)] ReadMemory at 0x12e00032c68 of 118 bytes failed: Only part of a ReadProcessMemory or WriteProcessMemory request was completed. (0x12B)
[1111/115819.727:ERROR:process_memory_win.cc(73)] ReadMemory at 0x12e00032ce0 of 100 bytes failed: Only part of a ReadProcessMemory or WriteProcessMemory request was completed. (0x12B)
[1111/115819.727:ERROR:process_memory_win.cc(73)] ReadMemory at 0x12e00032d50 of 58 bytes failed: Only part of a ReadProcessMemory or WriteProcessMemory request was completed. (0x12B)
[1111/115819.727:ERROR:process_memory_win.cc(73)] ReadMemory at 0x12e00032e50 of 132 bytes failed: Only part of a ReadProcessMemory or WriteProcessMemory request was completed. (0x12B)
[1111/115819.727:ERROR:process_memory_win.cc(73)] ReadMemory at 0x12e00032fe0 of 132 bytes failed: Only part of a ReadProcessMemory or WriteProcessMemory request was completed. (0x12B)
[1111/115819.727:ERROR:process_memory_win.cc(73)] ReadMemory at 0x12e000331a0 of 124 bytes failed: Only part of a ReadProcessMemory or WriteProcessMemory request was completed. (0x12B)
[1111/115819.727:ERROR:process_memory_win.cc(73)] ReadMemory at 0x12e00033580 of 132 bytes failed: Only part of a ReadProcessMemory or WriteProcessMemory request was completed. (0x12B)
[1111/115819.727:ERROR:process_memory_win.cc(73)] ReadMemory at 0x12e00033710 of 64 bytes failed: Only part of a ReadProcessMemory or WriteProcessMemory request was completed. (0x12B)
[1111/115819.727:ERROR:process_memory_win.cc(73)] ReadMemory at 0x12e00033760 of 156 bytes failed: Only part of a ReadProcessMemory or WriteProcessMemory request was completed. (0x12B)
[1111/115819.727:ERROR:process_memory_win.cc(73)] ReadMemory at 0x12e00033840 of 132 bytes failed: Only part of a ReadProcessMemory or WriteProcessMemory request was completed. (0x12B)
[1111/115819.727:ERROR:process_memory_win.cc(73)] ReadMemory at 0x12e00033b70 of 132 bytes failed: Only part of a ReadProcessMemory or WriteProcessMemory request was completed. (0x12B)
[1111/115819.727:ERROR:process_memory_win.cc(73)] ReadMemory at 0x12e00033d00 of 68 bytes failed: Only part of a ReadProcessMemory or WriteProcessMemory request was completed. (0x12B)
[1111/115819.727:ERROR:process_memory_win.cc(73)] ReadMemory at 0x12e00034d20 of 132 bytes failed: Only part of a ReadProcessMemory or WriteProcessMemory request was completed. (0x12B)
[1111/115819.727:ERROR:process_memory_win.cc(73)] ReadMemory at 0x12e00034e90 of 132 bytes failed: Only part of a ReadProcessMemory or WriteProcessMemory request was completed. (0x12B)
[1111/115819.727:ERROR:process_memory_win.cc(73)] ReadMemory at 0x12e00034fd0 of 152 bytes failed: Only part of a ReadProcessMemory or WriteProcessMemory request was completed. (0x12B)
[1111/115819.727:ERROR:process_memory_win.cc(73)] ReadMemory at 0x12e00035e40 of 60 bytes failed: Only part of a ReadProcessMemory or WriteProcessMemory request was completed. (0x12B)
[1111/115819.727:ERROR:process_memory_win.cc(73)] ReadMemory at 0x12e00035e90 of 62 bytes failed: Only part of a ReadProcessMemory or WriteProcessMemory request was completed. (0x12B)
[1111/115819.727:ERROR:process_memory_win.cc(73)] ReadMemory at 0x12e00035ee0 of 132 bytes failed: Only part of a ReadProcessMemory or WriteProcessMemory request was completed. (0x12B)
[1111/115819.727:ERROR:process_memory_win.cc(73)] ReadMemory at 0x12e00036080 of 132 bytes failed: Only part of a ReadProcessMemory or WriteProcessMemory request was completed. (0x12B)
[1111/115819.727:ERROR:process_memory_win.cc(73)] ReadMemory at 0x12e000369ea of 512 bytes failed: Only part of a ReadProcessMemory or WriteProcessMemory request was completed. (0x12B)
[1111/115819.727:ERROR:process_memory_win.cc(73)] ReadMemory at 0x12e00039d40 of 62 bytes failed: Only part of a ReadProcessMemory or WriteProcessMemory request was completed. (0x12B)
[1111/115819.727:ERROR:process_memory_win.cc(73)] ReadMemory at 0x12e00039d90 of 60 bytes failed: Only part of a ReadProcessMemory or WriteProcessMemory request was completed. (0x12B)
[1111/115819.727:ERROR:process_memory_win.cc(73)] ReadMemory at 0x12e00039e30 of 64 bytes failed: Only part of a ReadProcessMemory or WriteProcessMemory request was completed. (0x12B)
[1111/115819.727:ERROR:process_memory_win.cc(73)] ReadMemory at 0x12e00039e80 of 64 bytes failed: Only part of a ReadProcessMemory or WriteProcessMemory request was completed. (0x12B)
[1111/115819.727:ERROR:process_memory_win.cc(73)] ReadMemory at 0x12e0003a100 of 66 bytes failed: Only part of a ReadProcessMemory or WriteProcessMemory request was completed. (0x12B)
[1111/115819.727:ERROR:process_memory_win.cc(73)] ReadMemory at 0x12e0003a150 of 64 bytes failed: Only part of a ReadProcessMemory or WriteProcessMemory request was completed. (0x12B)
[1111/115819.727:ERROR:process_memory_win.cc(73)] ReadMemory at 0x12e0003a1f0 of 60 bytes failed: Only part of a ReadProcessMemory or WriteProcessMemory request was completed. (0x12B)
[1111/115819.727:ERROR:process_memory_win.cc(73)] ReadMemory at 0x12e0003a3d0 of 64 bytes failed: Only part of a ReadProcessMemory or WriteProcessMemory request was completed. (0x12B)
[1111/115819.727:ERROR:process_memory_win.cc(73)] ReadMemory at 0x12e0003a420 of 62 bytes failed: Only part of a ReadProcessMemory or WriteProcessMemory request was completed. (0x12B)
[1111/115819.727:ERROR:process_memory_win.cc(73)] ReadMemory at 0x12e0003a9b0 of 132 bytes failed: Only part of a ReadProcessMemory or WriteProcessMemory request was completed. (0x12B)
[1111/115819.727:ERROR:process_memory_win.cc(73)] ReadMemory at 0x12e0003aae0 of 132 bytes failed: Only part of a ReadProcessMemory or WriteProcessMemory request was completed. (0x12B)
[1111/115819.727:ERROR:process_memory_win.cc(73)] ReadMemory at 0x12e0003ac70 of 80 bytes failed: Only part of a ReadProcessMemory or WriteProcessMemory request was completed. (0x12B)
[1111/115819.727:ERROR:process_memory_win.cc(73)] ReadMemory at 0x12e0003aef0 of 132 bytes failed: Only part of a ReadProcessMemory or WriteProcessMemory request was completed. (0x12B)
[1111/115819.727:ERROR:process_memory_win.cc(73)] ReadMemory at 0x12e0003b020 of 132 bytes failed: Only part of a ReadProcessMemory or WriteProcessMemory request was completed. (0x12B)
[1111/115819.727:ERROR:process_memory_win.cc(73)] ReadMemory at 0x12e0003b150 of 132 bytes failed: Only part of a ReadProcessMemory or WriteProcessMemory request was completed. (0x12B)
[1111/115819.727:ERROR:process_memory_win.cc(73)] ReadMemory at 0x12e0003b280 of 132 bytes failed: Only part of a ReadProcessMemory or WriteProcessMemory request was completed. (0x12B)
[1111/115819.727:ERROR:process_memory_win.cc(73)] ReadMemory at 0x12e0003b3b0 of 132 bytes failed: Only part of a ReadProcessMemory or WriteProcessMemory request was completed. (0x12B)
[1111/115819.727:ERROR:process_memory_win.cc(73)] ReadMemory at 0x12e0003b4e0 of 132 bytes failed: Only part of a ReadProcessMemory or WriteProcessMemory request was completed. (0x12B)
[1111/115819.727:ERROR:process_memory_win.cc(73)] ReadMemory at 0x12e0003b610 of 132 bytes failed: Only part of a ReadProcessMemory or WriteProcessMemory request was completed. (0x12B)
[1111/115819.727:ERROR:process_memory_win.cc(73)] ReadMemory at 0x12e0003b740 of 132 bytes failed: Only part of a ReadProcessMemory or WriteProcessMemory request was completed. (0x12B)
[1111/115819.727:ERROR:process_memory_win.cc(73)] ReadMemory at 0x12e0003b870 of 132 bytes failed: Only part of a ReadProcessMemory or WriteProcessMemory request was completed. (0x12B)
[1111/115819.727:ERROR:process_memory_win.cc(73)] ReadMemory at 0x12e0003b9a0 of 132 bytes failed: Only part of a ReadProcessMemory or WriteProcessMemory request was completed. (0x12B)
[1111/115819.727:ERROR:process_memory_win.cc(73)] ReadMemory at 0x12e0003bad0 of 132 bytes failed: Only part of a ReadProcessMemory or WriteProcessMemory request was completed. (0x12B)
[1111/115819.727:ERROR:process_memory_win.cc(73)] ReadMemory at 0x12e0003bc00 of 132 bytes failed: Only part of a ReadProcessMemory or WriteProcessMemory request was completed. (0x12B)
[1111/115819.727:ERROR:process_memory_win.cc(73)] ReadMemory at 0x12e0003d580 of 132 bytes failed: Only part of a ReadProcessMemory or WriteProcessMemory request was completed. (0x12B)
[1111/115819.727:ERROR:process_memory_win.cc(73)] ReadMemory at 0x12e0003d6b0 of 132 bytes failed: Only part of a ReadProcessMemory or WriteProcessMemory request was completed. (0x12B)
[1111/115819.727:ERROR:process_memory_win.cc(73)] ReadMemory at 0x12e0003e880 of 132 bytes failed: Only part of a ReadProcessMemory or WriteProcessMemory request was completed. (0x12B)
[1111/115819.727:ERROR:process_memory_win.cc(73)] ReadMemory at 0x12e00041720 of 132 bytes failed: Only part of a ReadProcessMemory or WriteProcessMemory request was completed. (0x12B)
[1111/115819.727:ERROR:process_memory_win.cc(73)] ReadMemory at 0x12e00041930 of 132 bytes failed: Only part of a ReadProcessMemory or WriteProcessMemory request was completed. (0x12B)
[1111/115819.727:ERROR:process_memory_win.cc(73)] ReadMemory at 0x12e00041c00 of 132 bytes failed: Only part of a ReadProcessMemory or WriteProcessMemory request was completed. (0x12B)
[1111/115819.727:ERROR:process_memory_win.cc(73)] ReadMemory at 0x12e00044770 of 54 bytes failed: Only part of a ReadProcessMemory or WriteProcessMemory request was completed. (0x12B)
[1111/115819.727:ERROR:process_memory_win.cc(73)] ReadMemory at 0x12e00044ce0 of 76 bytes failed: Only part of a ReadProcessMemory or WriteProcessMemory request was completed. (0x12B)
[1111/115819.727:ERROR:process_memory_win.cc(73)] ReadMemory at 0x12e00045a60 of 62 bytes failed: Only part of a ReadProcessMemory or WriteProcessMemory request was completed. (0x12B)
[1111/115819.727:ERROR:process_memory_win.cc(73)] ReadMemory at 0x12e00045b50 of 60 bytes failed: Only part of a ReadProcessMemory or WriteProcessMemory request was completed. (0x12B)
[1111/115819.727:ERROR:process_memory_win.cc(73)] ReadMemory at 0x12e00045c90 of 66 bytes failed: Only part of a ReadProcessMemory or WriteProcessMemory request was completed. (0x12B)
[1111/115819.727:ERROR:process_memory_win.cc(73)] ReadMemory at 0x12e00045ce0 of 64 bytes failed: Only part of a ReadProcessMemory or WriteProcessMemory request was completed. (0x12B)
[1111/115819.727:ERROR:process_memory_win.cc(73)] ReadMemory at 0x12e00045e70 of 62 bytes failed: Only part of a ReadProcessMemory or WriteProcessMemory request was completed. (0x12B)
[1111/115819.727:ERROR:process_memory_win.cc(73)] ReadMemory at 0x12e00045ec0 of 62 bytes failed: Only part of a ReadProcessMemory or WriteProcessMemory request was completed. (0x12B)
[1111/115819.727:ERROR:process_memory_win.cc(73)] ReadMemory at 0x12e00046000 of 58 bytes failed: Only part of a ReadProcessMemory or WriteProcessMemory request was completed. (0x12B)
[1111/115819.727:ERROR:process_memory_win.cc(73)] ReadMemory at 0x12e000460a0 of 62 bytes failed: Only part of a ReadProcessMemory or WriteProcessMemory request was completed. (0x12B)
[1111/115819.727:ERROR:process_memory_win.cc(73)] ReadMemory at 0x12e000460f0 of 64 bytes failed: Only part of a ReadProcessMemory or WriteProcessMemory request was completed. (0x12B)
[1111/115819.727:ERROR:process_memory_win.cc(73)] ReadMemory at 0x12e00046230 of 60 bytes failed: Only part of a ReadProcessMemory or WriteProcessMemory request was completed. (0x12B)
[1111/115819.727:ERROR:process_memory_win.cc(73)] ReadMemory at 0x12e000462d0 of 62 bytes failed: Only part of a ReadProcessMemory or WriteProcessMemory request was completed. (0x12B)
[1111/115819.727:ERROR:process_memory_win.cc(73)] ReadMemory at 0x12e00046460 of 62 bytes failed: Only part of a ReadProcessMemory or WriteProcessMemory request was completed. (0x12B)
[1111/115819.727:ERROR:process_memory_win.cc(73)] ReadMemory at 0x12e00046500 of 64 bytes failed: Only part of a ReadProcessMemory or WriteProcessMemory request was completed. (0x12B)
[1111/115819.727:ERROR:process_memory_win.cc(73)] ReadMemory at 0x12e00046550 of 60 bytes failed: Only part of a ReadProcessMemory or WriteProcessMemory request was completed. (0x12B)
[1111/115819.727:ERROR:process_memory_win.cc(73)] ReadMemory at 0x12e000465a0 of 60 bytes failed: Only part of a ReadProcessMemory or WriteProcessMemory request was completed. (0x12B)
[1111/115819.727:ERROR:process_memory_win.cc(73)] ReadMemory at 0x12e000465f0 of 62 bytes failed: Only part of a ReadProcessMemory or WriteProcessMemory request was completed. (0x12B)
[1111/115819.727:ERROR:process_memory_win.cc(73)] ReadMemory at 0x12e00046640 of 62 bytes failed: Only part of a ReadProcessMemory or WriteProcessMemory request was completed. (0x12B)
[1111/115819.727:ERROR:process_memory_win.cc(73)] ReadMemory at 0x12e00046730 of 64 bytes failed: Only part of a ReadProcessMemory or WriteProcessMemory request was completed. (0x12B)
[1111/115819.727:ERROR:process_memory_win.cc(73)] ReadMemory at 0x12e000469c0 of 512 bytes failed: Only part of a ReadProcessMemory or WriteProcessMemory request was completed. (0x12B)
[1111/115819.727:ERROR:process_memory_win.cc(73)] ReadMemory at 0x12e00046ff0 of 132 bytes failed: Only part of a ReadProcessMemory or WriteProcessMemory request was completed. (0x12B)
[1111/115819.727:ERROR:process_memory_win.cc(73)] ReadMemory at 0x12e00047120 of 132 bytes failed: Only part of a ReadProcessMemory or WriteProcessMemory request was completed. (0x12B)
[1111/115819.727:ERROR:process_memory_win.cc(73)] ReadMemory at 0x12e00047250 of 132 bytes failed: Only part of a ReadProcessMemory or WriteProcessMemory request was completed. (0x12B)
[1111/115819.727:ERROR:process_memory_win.cc(73)] ReadMemory at 0x12e00048420 of 132 bytes failed: Only part of a ReadProcessMemory or WriteProcessMemory request was completed. (0x12B)
[1111/115819.727:ERROR:process_memory_win.cc(73)] ReadMemory at 0x12e00048550 of 132 bytes failed: Only part of a ReadProcessMemory or WriteProcessMemory request was completed. (0x12B)
[1111/115819.743:ERROR:process_memory_win.cc(73)] ReadMemory at 0x12e00048680 of 132 bytes failed: Only part of a ReadProcessMemory or WriteProcessMemory request was completed. (0x12B)
[1111/115819.743:ERROR:process_memory_win.cc(73)] ReadMemory at 0x12e000488e0 of 132 bytes failed: Only part of a ReadProcessMemory or WriteProcessMemory request was completed. (0x12B)
[1111/115819.743:ERROR:process_memory_win.cc(73)] ReadMemory at 0x12e00048b40 of 132 bytes failed: Only part of a ReadProcessMemory or WriteProcessMemory request was completed. (0x12B)
[1111/115819.743:ERROR:process_memory_win.cc(73)] ReadMemory at 0x12e00048c70 of 132 bytes failed: Only part of a ReadProcessMemory or WriteProcessMemory request was completed. (0x12B)
[1111/115819.743:ERROR:process_memory_win.cc(73)] ReadMemory at 0x12e0004a520 of 512 bytes failed: Only part of a ReadProcessMemory or WriteProcessMemory request was completed. (0x12B)
[1111/115819.743:ERROR:process_memory_win.cc(73)] ReadMemory at 0x12e002d0c40 of 512 bytes failed: Only part of a ReadProcessMemory or WriteProcessMemory request was completed. (0x12B)
[1111/115819.743:ERROR:process_memory_win.cc(73)] ReadMemory at 0x12e004ed1b0 of 512 bytes failed: Only part of a ReadProcessMemory or WriteProcessMemory request was completed. (0x12B)
[1111/115819.743:ERROR:process_memory_win.cc(73)] ReadMemory at 0x12e004f1bc0 of 512 bytes failed: Only part of a ReadProcessMemory or WriteProcessMemory request was completed. (0x12B)
[1111/115819.743:ERROR:process_memory_win.cc(73)] ReadMemory at 0x12e004f3800 of 512 bytes failed: Only part of a ReadProcessMemory or WriteProcessMemory request was completed. (0x12B)
[1111/115819.743:ERROR:process_memory_win.cc(73)] ReadMemory at 0x12e004f3e90 of 512 bytes failed: Only part of a ReadProcessMemory or WriteProcessMemory request was completed. (0x12B)
[1111/115819.743:ERROR:process_memory_win.cc(73)] ReadMemory at 0x12e004f40d0 of 512 bytes failed: Only part of a ReadProcessMemory or WriteProcessMemory request was completed. (0x12B)
[1111/115819.743:ERROR:process_memory_win.cc(73)] ReadMemory at 0x12e00502770 of 712 bytes failed: Only part of a ReadProcessMemory or WriteProcessMemory request was completed. (0x12B)
[1111/115819.743:ERROR:process_memory_win.cc(73)] ReadMemory at 0x12e005071e0 of 512 bytes failed: Only part of a ReadProcessMemory or WriteProcessMemory request was completed. (0x12B)
[1111/115819.743:ERROR:process_memory_win.cc(73)] ReadMemory at 0x12e005077a0 of 512 bytes failed: Only part of a ReadProcessMemory or WriteProcessMemory request was completed. (0x12B)
[1111/115819.743:ERROR:process_memory_win.cc(73)] ReadMemory at 0x12e005150d0 of 528 bytes failed: Only part of a ReadProcessMemory or WriteProcessMemory request was completed. (0x12B)
[1111/115819.743:ERROR:process_memory_win.cc(73)] ReadMemory at 0x12e02309b00 of 512 bytes failed: Only part of a ReadProcessMemory or WriteProcessMemory request was completed. (0x12B)
[1111/115819.743:ERROR:process_memory_win.cc(73)] ReadMemory at 0x12e02362120 of 512 bytes failed: Only part of a ReadProcessMemory or WriteProcessMemory request was completed. (0x12B)
[1111/115819.743:ERROR:process_memory_win.cc(73)] ReadMemory at 0x12e02369bc8 of 512 bytes failed: Only part of a ReadProcessMemory or WriteProcessMemory request was completed. (0x12B)
[1111/115819.743:ERROR:process_memory_win.cc(73)] ReadMemory at 0x12e0236a438 of 512 bytes failed: Only part of a ReadProcessMemory or WriteProcessMemory request was completed. (0x12B)
[1111/115819.743:ERROR:process_memory_win.cc(73)] ReadMemory at 0x12e0236aca8 of 512 bytes failed: Only part of a ReadProcessMemory or WriteProcessMemory request was completed. (0x12B)
[1111/115819.743:ERROR:process_memory_win.cc(73)] ReadMemory at 0x12e02443570 of 512 bytes failed: Only part of a ReadProcessMemory or WriteProcessMemory request was completed. (0x12B)
[1111/115819.743:ERROR:process_memory_win.cc(73)] ReadMemory at 0x31cea6f07e00 of 512 bytes failed: Only part of a ReadProcessMemory or WriteProcessMemory request was completed. (0x12B)
[1111/115819.743:ERROR:process_memory_win.cc(73)] ReadMemory at 0x5044e96466f0 of 512 bytes failed: Only part of a ReadProcessMemory or WriteProcessMemory request was completed. (0x12B)
[1111/115819.743:ERROR:process_memory_win.cc(73)] ReadMemory at 0x7ffb656ac64c of 512 bytes failed: Only part of a ReadProcessMemory or WriteProcessMemory request was completed. (0x12B)
[1111/115819.743:ERROR:process_memory_win.cc(73)] ReadMemory at 0x7ffb66495575 of 512 bytes failed: Only part of a ReadProcessMemory or WriteProcessMemory request was completed. (0x12B)
[1111/115819.743:ERROR:process_memory_win.cc(73)] ReadMemory at 0x7ffbaf99b6d0 of 512 bytes failed: Only part of a ReadProcessMemory or WriteProcessMemory request was completed. (0x12B)
[1111/115819.743:ERROR:process_memory_win.cc(73)] ReadMemory at 0x7ffbb273c0c4 of 672 bytes failed: Only part of a ReadProcessMemory or WriteProcessMemory request was completed. (0x12B)
[1111/115819.743:ERROR:process_memory_win.cc(73)] ReadMemory at 0x7ffbb273c6c4 of 512 bytes failed: Only part of a ReadProcessMemory or WriteProcessMemory request was completed. (0x12B)
[1111/115819.743:ERROR:process_memory_win.cc(73)] ReadMemory at 0x7ffbb273f974 of 608 bytes failed: Only part of a ReadProcessMemory or WriteProcessMemory request was completed. (0x12B)
[1111/115819.743:ERROR:process_memory_win.cc(73)] ReadMemory at 0x7ffbb27cc428 of 18 bytes failed: Only part of a ReadProcessMemory or WriteProcessMemory request was completed. (0x12B)
[1111/115819.743:ERROR:process_memory_win.cc(73)] ReadMemory at 0x7ffbb27ff4f8 of 40 bytes failed: Only part of a ReadProcessMemory or WriteProcessMemory request was completed. (0x12B)
[1111/115819.743:ERROR:process_memory_win.cc(73)] ReadMemory at 0x7ffbb27ff978 of 48 bytes failed: Only part of a ReadProcessMemory or WriteProcessMemory request was completed. (0x12B)
[1111/115819.743:ERROR:process_memory_win.cc(73)] ReadMemory at 0x7ffbb28053c0 of 64 bytes failed: Only part of a ReadProcessMemory or WriteProcessMemory request was completed. (0x12B)
[1111/115819.743:ERROR:scoped_process_suspend.cc(40)] NtResumeProcess: An attempt was made to access an exiting process. (0xc000010a)
